<?xml version="1.0" encoding="utf-8"?><testsuites name="pytest tests"><testsuite name="pytest" errors="0" failures="0" skipped="0" tests="5" time="20.090" timestamp="2026-07-01T13:27:03.180321+00:00" hostname="agent-env-d4ae7801-1113-4fae-ab91-b3947469ab4d"><testcase classname="backend.tests.test_iteration4" name="test_dashboard_api" time="9.211" /><testcase classname="backend.tests.test_iteration4" name="test_finance_summary_api" time="2.156" /><testcase classname="backend.tests.test_iteration4" name="test_inventory_list" time="2.242" /><testcase classname="backend.tests.test_iteration4" name="test_finance_page_data" time="2.389" /><testcase classname="backend.tests.test_iteration4" name="test_reports_api" time="2.588" /></testsuite></testsuites>