<?xml version="1.0" encoding="utf-8"?><testsuites name="pytest tests"><testsuite name="pytest" errors="0" failures="0" skipped="0" tests="4" time="7.505" timestamp="2026-07-02T12:58:53.348471+00:00" hostname="agent-env-d4ae7801-1113-4fae-ab91-b3947469ab4d"><testcase classname="backend.tests.test_iteration8" name="test_health_check" time="4.518" /><testcase classname="backend.tests.test_iteration8" name="test_login" time="0.568" /><testcase classname="backend.tests.test_iteration8" name="test_get_vehicles" time="0.896" /><testcase classname="backend.tests.test_iteration8" name="test_dashboard" time="1.264" /></testsuite></testsuites>