<?xml version="1.0" encoding="utf-8"?><testsuites name="pytest tests"><testsuite name="pytest" errors="0" failures="0" skipped="0" tests="5" time="4.260" timestamp="2026-07-02T13:12:13.019603+00:00" hostname="agent-env-d4ae7801-1113-4fae-ab91-b3947469ab4d"><testcase classname="backend.tests.test_iteration9" name="test_health" time="2.263" /><testcase classname="backend.tests.test_iteration9" name="test_login" time="0.530" /><testcase classname="backend.tests.test_iteration9" name="test_vehicles" time="0.796" /><testcase classname="backend.tests.test_iteration9" name="test_dashboard" time="0.252" /><testcase classname="backend.tests.test_iteration9" name="test_finance_summary" time="0.215" /></testsuite></testsuites>