<?xml version="1.0" encoding="utf-8"?><testsuites name="pytest tests"><testsuite name="pytest" errors="0" failures="0" skipped="0" tests="5" time="4.866" timestamp="2026-07-02T12:43:18.503215+00:00" hostname="agent-env-d4ae7801-1113-4fae-ab91-b3947469ab4d"><testcase classname="backend.tests.test_iteration7" name="test_health" time="1.630" /><testcase classname="backend.tests.test_iteration7" name="test_login" time="0.852" /><testcase classname="backend.tests.test_iteration7" name="test_vehicles" time="1.089" /><testcase classname="backend.tests.test_iteration7" name="test_dashboard" time="0.401" /><testcase classname="backend.tests.test_iteration7" name="test_finance_summary" time="0.445" /></testsuite></testsuites>