<?xml version="1.0" encoding="utf-8"?><testsuites name="pytest tests"><testsuite name="pytest" errors="0" failures="0" skipped="0" tests="5" time="4.048" timestamp="2026-07-02T11:58:07.206250+00:00" hostname="agent-env-d4ae7801-1113-4fae-ab91-b3947469ab4d"><testcase classname="backend.tests.test_iteration6" name="test_health" time="1.443" /><testcase classname="backend.tests.test_iteration6" name="test_login" time="0.492" /><testcase classname="backend.tests.test_iteration6" name="test_vehicles" time="0.654" /><testcase classname="backend.tests.test_iteration6" name="test_dashboard" time="0.681" /><testcase classname="backend.tests.test_iteration6" name="test_finance_summary" time="0.649" /></testsuite></testsuites>