<?xml version="1.0" encoding="utf-8"?><testsuites name="pytest tests"><testsuite name="pytest" errors="0" failures="0" skipped="0" tests="5" time="5.243" timestamp="2026-07-02T11:43:01.031714+00:00" hostname="agent-env-d4ae7801-1113-4fae-ab91-b3947469ab4d"><testcase classname="backend.tests.test_iteration5" name="test_health_check" time="0.922" /><testcase classname="backend.tests.test_iteration5" name="test_login_returns_token" time="0.785" /><testcase classname="backend.tests.test_iteration5" name="test_vehicles_list_with_fields" time="0.890" /><testcase classname="backend.tests.test_iteration5" name="test_dashboard_stats" time="1.018" /><testcase classname="backend.tests.test_iteration5" name="test_finance_summary" time="1.047" /></testsuite></testsuites>