<?xml version="1.0" encoding="utf-8"?><testsuites name="pytest tests"><testsuite name="pytest" errors="0" failures="0" skipped="0" tests="8" time="1.705" timestamp="2026-07-04T13:57:58.636153+00:00" hostname="agent-env-d4ae7801-1113-4fae-ab91-b3947469ab4d"><testcase classname="backend.tests.test_spare_parts_features.TestStockOut" name="test_stock_out_success" time="0.908" /><testcase classname="backend.tests.test_spare_parts_features.TestStockOut" name="test_stock_out_quantity_deducted_in_db" time="0.048" /><testcase classname="backend.tests.test_spare_parts_features.TestStockOut" name="test_stock_out_insufficient_stock" time="0.049" /><testcase classname="backend.tests.test_spare_parts_features.TestStockOut" name="test_stock_out_invalid_qty" time="0.050" /><testcase classname="backend.tests.test_spare_parts_features.TestTransactionHistory" name="test_get_transactions" time="0.054" /><testcase classname="backend.tests.test_spare_parts_features.TestTransactionHistory" name="test_transaction_has_correct_fields" time="0.057" /><testcase classname="backend.tests.test_spare_parts_features.TestTransactionHistory" name="test_transaction_matches_stock_out" time="0.054" /><testcase classname="backend.tests.test_spare_parts_features.TestJobCardPartsDeduction" name="test_job_card_creates_and_deducts_parts" time="0.309" /></testsuite></testsuites>