<?xml version="1.0" encoding="utf-8"?><testsuites name="pytest tests"><testsuite name="pytest" errors="0" failures="0" skipped="0" tests="5" time="5.364" timestamp="2026-07-04T16:30:44.380143+00:00" hostname="agent-env-d4ae7801-1113-4fae-ab91-b3947469ab4d"><testcase classname="backend.tests.test_dashboard_sales_fix" name="test_dashboard_sold_matches_sales_count" time="0.898" /><testcase classname="backend.tests.test_dashboard_sales_fix" name="test_create_sale_increments_dashboard" time="1.377" /><testcase classname="backend.tests.test_dashboard_sales_fix" name="test_delete_sale_decrements_dashboard" time="1.557" /><testcase classname="backend.tests.test_dashboard_sales_fix" name="test_accounting_summary_uses_sales_table" time="0.751" /><testcase classname="backend.tests.test_dashboard_sales_fix" name="test_finance_summary" time="0.636" /></testsuite></testsuites>