<?xml version="1.0" encoding="utf-8"?><testsuites name="pytest tests"><testsuite name="pytest" errors="0" failures="0" skipped="0" tests="5" time="16.159" timestamp="2026-06-05T09:12:31.542397+00:00" hostname="agent-env-d4ae7801-1113-4fae-ab91-b3947469ab4d"><testcase classname="backend.tests.test_new_features" name="test_vendor_search_returns_array" time="1.298" /><testcase classname="backend.tests.test_new_features" name="test_vendor_search_empty_q" time="0.259" /><testcase classname="backend.tests.test_new_features" name="test_ai_price_suggestion" time="4.500" /><testcase classname="backend.tests.test_new_features" name="test_ai_festival_intelligence" time="8.036" /><testcase classname="backend.tests.test_new_features" name="test_ai_chatbot" time="1.596" /></testsuite></testsuites>