<?xml version="1.0" encoding="utf-8"?><testsuites name="pytest tests"><testsuite name="pytest" errors="0" failures="0" skipped="0" tests="13" time="1.819" timestamp="2026-07-04T15:53:01.669324+00:00" hostname="agent-env-d4ae7801-1113-4fae-ab91-b3947469ab4d"><testcase classname="backend.tests.test_sales_module.TestSalesSummary" name="test_get_summary" time="0.772" /><testcase classname="backend.tests.test_sales_module.TestSalesSummary" name="test_get_sales_list" time="0.049" /><testcase classname="backend.tests.test_sales_module.TestSalesCRUD" name="test_create_sale" time="0.107" /><testcase classname="backend.tests.test_sales_module.TestSalesCRUD" name="test_vehicle_marked_sold" time="0.055" /><testcase classname="backend.tests.test_sales_module.TestSalesCRUD" name="test_sold_vehicle_not_in_available_list" time="0.048" /><testcase classname="backend.tests.test_sales_module.TestSalesCRUD" name="test_create_sale_already_sold_fails" time="0.049" /><testcase classname="backend.tests.test_sales_module.TestSalesCRUD" name="test_sale_in_list" time="0.060" /><testcase classname="backend.tests.test_sales_module.TestSalesCRUD" name="test_delete_sale_restores_vehicle" time="0.106" /><testcase classname="backend.tests.test_sales_module.TestSalesCRUD" name="test_vehicle_back_in_available_list" time="0.051" /><testcase classname="backend.tests.test_sales_module.TestSalesCRUD" name="test_delete_nonexistent_sale" time="0.047" /><testcase classname="backend.tests.test_sales_module.TestSalesWithCustomer" name="test_create_customer_and_sale" time="0.107" /><testcase classname="backend.tests.test_sales_module.TestSalesWithCustomer" name="test_customer_name_in_sale_list" time="0.053" /><testcase classname="backend.tests.test_sales_module.TestSalesWithCustomer" name="test_cleanup" time="0.098" /></testsuite></testsuites>