<?xml version="1.0" encoding="utf-8"?><testsuites name="pytest tests"><testsuite name="pytest" errors="0" failures="0" skipped="0" tests="6" time="6.135" timestamp="2026-06-04T14:33:09.379737+00:00" hostname="agent-env-d4ae7801-1113-4fae-ab91-b3947469ab4d"><testcase classname="backend.tests.test_bs_features.TestAccountingSummary" name="test_accounting_summary_today" time="5.413" /><testcase classname="backend.tests.test_bs_features.TestAccountingSummary" name="test_accounting_summary_this_month_bs" time="0.064" /><testcase classname="backend.tests.test_bs_features.TestAccountingSummary" name="test_accounting_summary_this_year_bs" time="0.051" /><testcase classname="backend.tests.test_bs_features.TestAccountingSummary" name="test_accounting_summary_reflects_vehicle_purchase" time="0.113" /><testcase classname="backend.tests.test_bs_features.TestVehicleCreation" name="test_vehicle_list" time="0.058" /><testcase classname="backend.tests.test_bs_features.TestVehicleCreation" name="test_vehicle_purchase_date_stored_as_ad" time="0.109" /></testsuite></testsuites>