<?xml version="1.0" encoding="utf-8"?><testsuites name="pytest tests"><testsuite name="pytest" errors="0" failures="0" skipped="0" tests="4" time="4.295" timestamp="2026-07-02T13:30:28.056709+00:00" hostname="agent-env-d4ae7801-1113-4fae-ab91-b3947469ab4d"><testcase classname="backend.tests.test_iteration10" name="test_health" time="1.777" /><testcase classname="backend.tests.test_iteration10" name="test_login" time="0.556" /><testcase classname="backend.tests.test_iteration10" name="test_vehicles" time="0.775" /><testcase classname="backend.tests.test_iteration10" name="test_dashboard" time="0.895" /></testsuite></testsuites>