<?xml version="1.0" encoding="utf-8"?><testsuites name="pytest tests"><testsuite name="pytest" errors="0" failures="1" skipped="0" tests="13" time="4.408" timestamp="2026-06-30T18:05:52.290507+00:00" hostname="agent-env-d4ae7801-1113-4fae-ab91-b3947469ab4d"><testcase classname="backend.tests.test_new_features.TestSpareParts" name="test_get_spare_parts_returns_array" time="1.263" /><testcase classname="backend.tests.test_new_features.TestSpareParts" name="test_get_spare_parts_summary" time="0.110" /><testcase classname="backend.tests.test_new_features.TestSpareParts" name="test_create_spare_part" time="0.212" /><testcase classname="backend.tests.test_new_features.TestSpareParts" name="test_create_and_verify_persistence" time="0.179" /><testcase classname="backend.tests.test_new_features.TestSpareParts" name="test_update_spare_part" time="0.185" /><testcase classname="backend.tests.test_new_features.TestSpareParts" name="test_adjust_stock" time="0.226" /><testcase classname="backend.tests.test_new_features.TestSpareParts" name="test_delete_spare_part" time="0.191" /><testcase classname="backend.tests.test_new_features.TestSpareParts" name="test_low_stock_indicator" time="0.255" /><testcase classname="backend.tests.test_new_features.TestVehiclePhotos" name="test_get_vehicle_photos" time="0.168"><failure message="assert 404 == 200&#10; +  where 404 = &lt;Response [404]&gt;.status_code">backend/tests/test_new_features.py:121: in test_get_vehicle_photos
    assert r.status_code == 200
E   assert 404 == 200
E    +  where 404 = &lt;Response [404]&gt;.status_code</failure></testcase><testcase classname="backend.tests.test_new_features.TestVehiclePhotos" name="test_upload_vehicle_photo" time="0.348" /><testcase classname="backend.tests.test_new_features.TestWebsiteSync" name="test_sync_export" time="0.129" /><testcase classname="backend.tests.test_new_features.TestWebsiteSync" name="test_sync_push" time="0.125" /><testcase classname="backend.tests.test_new_features" name="test_cleanup_test_parts" time="0.458" /></testsuite></testsuites>