<?xml version="1.0" encoding="utf-8"?><testsuites name="pytest tests"><testsuite name="pytest" errors="0" failures="0" skipped="0" tests="5" time="2.339" timestamp="2026-07-05T11:35:21.986396+00:00" hostname="agent-env-d4ae7801-1113-4fae-ab91-b3947469ab4d"><testcase classname="backend.tests.test_spare_parts_vendor" name="test_vendors_search_empty_query" time="1.173" /><testcase classname="backend.tests.test_spare_parts_vendor" name="test_vendors_search_with_query" time="0.056" /><testcase classname="backend.tests.test_spare_parts_vendor" name="test_spare_part_vendor_flow" time="0.280" /><testcase classname="backend.tests.test_spare_parts_vendor" name="test_spare_part_no_vendor" time="0.151" /><testcase classname="backend.tests.test_spare_parts_vendor" name="test_update_spare_part_vendor_id" time="0.329" /></testsuite></testsuites>